mode: set
github.com/Paul1k96/microservices_course_auth/cmd/main.go:11.13,16.16 4 0
github.com/Paul1k96/microservices_course_auth/cmd/main.go:16.16,19.3 2 0
github.com/Paul1k96/microservices_course_auth/cmd/main.go:21.2,22.16 2 0
github.com/Paul1k96/microservices_course_auth/cmd/main.go:22.16,25.3 2 0
github.com/Paul1k96/microservices_course_auth/internal/api/user_v1/create_user.go:13.113,21.16 3 0
github.com/Paul1k96/microservices_course_auth/internal/api/user_v1/create_user.go:21.16,24.3 2 0
github.com/Paul1k96/microservices_course_auth/internal/api/user_v1/create_user.go:26.2,27.16 2 0
github.com/Paul1k96/microservices_course_auth/internal/api/user_v1/create_user.go:27.16,30.3 2 0
github.com/Paul1k96/microservices_course_auth/internal/api/user_v1/create_user.go:32.2,32.60 1 0
github.com/Paul1k96/microservices_course_auth/internal/api/user_v1/create_user.go:35.82,36.49 1 0
github.com/Paul1k96/microservices_course_auth/internal/api/user_v1/create_user.go:36.49,38.3 1 0
github.com/Paul1k96/microservices_course_auth/internal/api/user_v1/create_user.go:40.2,40.12 1 0
github.com/Paul1k96/microservices_course_auth/internal/api/user_v1/delete_user.go:13.113,19.16 3 0
github.com/Paul1k96/microservices_course_auth/internal/api/user_v1/delete_user.go:19.16,22.3 2 0
github.com/Paul1k96/microservices_course_auth/internal/api/user_v1/delete_user.go:24.2,24.39 1 0
github.com/Paul1k96/microservices_course_auth/internal/api/user_v1/get_user.go:13.104,19.16 3 0
github.com/Paul1k96/microservices_course_auth/internal/api/user_v1/get_user.go:19.16,22.3 2 0
github.com/Paul1k96/microservices_course_auth/internal/api/user_v1/get_user.go:24.2,24.55 1 0
github.com/Paul1k96/microservices_course_auth/internal/api/user_v1/get_users.go:12.113,18.16 3 0
github.com/Paul1k96/microservices_course_auth/internal/api/user_v1/get_users.go:18.16,21.3 2 0
github.com/Paul1k96/microservices_course_auth/internal/api/user_v1/get_users.go:23.2,23.60 1 0
github.com/Paul1k96/microservices_course_auth/internal/api/user_v1/service.go:18.94,20.2 1 0
github.com/Paul1k96/microservices_course_auth/internal/api/user_v1/update_user.go:14.113,20.16 3 0
github.com/Paul1k96/microservices_course_auth/internal/api/user_v1/update_user.go:20.16,23.3 2 0
github.com/Paul1k96/microservices_course_auth/internal/api/user_v1/update_user.go:25.2,25.39 1 0
github.com/Paul1k96/microservices_course_auth/internal/app/app.go:24.69,30.16 3 0
github.com/Paul1k96/microservices_course_auth/internal/app/app.go:30.16,32.3 1 0
github.com/Paul1k96/microservices_course_auth/internal/app/app.go:34.2,34.15 1 0
github.com/Paul1k96/microservices_course_auth/internal/app/app.go:38.27,39.15 1 0
github.com/Paul1k96/microservices_course_auth/internal/app/app.go:39.15,42.3 2 0
github.com/Paul1k96/microservices_course_auth/internal/app/app.go:44.2,44.26 1 0
github.com/Paul1k96/microservices_course_auth/internal/app/app.go:47.51,53.26 2 0
github.com/Paul1k96/microservices_course_auth/internal/app/app.go:53.26,55.17 2 0
github.com/Paul1k96/microservices_course_auth/internal/app/app.go:55.17,57.4 1 0
github.com/Paul1k96/microservices_course_auth/internal/app/app.go:60.2,60.12 1 0
github.com/Paul1k96/microservices_course_auth/internal/app/app.go:63.60,66.2 2 0
github.com/Paul1k96/microservices_course_auth/internal/app/app.go:68.57,72.16 3 0
github.com/Paul1k96/microservices_course_auth/internal/app/app.go:72.16,74.3 1 0
github.com/Paul1k96/microservices_course_auth/internal/app/app.go:76.2,79.12 3 0
github.com/Paul1k96/microservices_course_auth/internal/app/app.go:82.37,86.16 3 0
github.com/Paul1k96/microservices_course_auth/internal/app/app.go:86.16,88.3 1 0
github.com/Paul1k96/microservices_course_auth/internal/app/app.go:90.2,90.47 1 0
github.com/Paul1k96/microservices_course_auth/internal/app/app.go:90.47,92.3 1 0
github.com/Paul1k96/microservices_course_auth/internal/app/app.go:94.2,94.12 1 0
github.com/Paul1k96/microservices_course_auth/internal/app/service_provider.go:44.63,46.2 1 0
github.com/Paul1k96/microservices_course_auth/internal/app/service_provider.go:49.54,50.23 1 0
github.com/Paul1k96/microservices_course_auth/internal/app/service_provider.go:50.23,52.3 1 0
github.com/Paul1k96/microservices_course_auth/internal/app/service_provider.go:54.2,54.19 1 0
github.com/Paul1k96/microservices_course_auth/internal/app/service_provider.go:58.58,59.25 1 0
github.com/Paul1k96/microservices_course_auth/internal/app/service_provider.go:59.25,61.3 1 0
github.com/Paul1k96/microservices_course_auth/internal/app/service_provider.go:63.2,63.21 1 0
github.com/Paul1k96/microservices_course_auth/internal/app/service_provider.go:67.69,68.26 1 0
github.com/Paul1k96/microservices_course_auth/internal/app/service_provider.go:68.26,70.17 2 0
github.com/Paul1k96/microservices_course_auth/internal/app/service_provider.go:70.17,72.4 1 0
github.com/Paul1k96/microservices_course_auth/internal/app/service_provider.go:74.3,74.22 1 0
github.com/Paul1k96/microservices_course_auth/internal/app/service_provider.go:77.2,77.27 1 0
github.com/Paul1k96/microservices_course_auth/internal/app/service_provider.go:81.61,82.24 1 0
github.com/Paul1k96/microservices_course_auth/internal/app/service_provider.go:82.24,84.17 2 0
github.com/Paul1k96/microservices_course_auth/internal/app/service_provider.go:84.17,86.4 1 0
github.com/Paul1k96/microservices_course_auth/internal/app/service_provider.go:88.3,91.64 1 0
github.com/Paul1k96/microservices_course_auth/internal/app/service_provider.go:91.64,93.5 1 0
github.com/Paul1k96/microservices_course_auth/internal/app/service_provider.go:97.2,97.25 1 0
github.com/Paul1k96/microservices_course_auth/internal/app/service_provider.go:101.87,102.26 1 0
github.com/Paul1k96/microservices_course_auth/internal/app/service_provider.go:102.26,104.17 2 0
github.com/Paul1k96/microservices_course_auth/internal/app/service_provider.go:104.17,106.4 1 0
github.com/Paul1k96/microservices_course_auth/internal/app/service_provider.go:108.3,109.17 2 0
github.com/Paul1k96/microservices_course_auth/internal/app/service_provider.go:109.17,111.4 1 0
github.com/Paul1k96/microservices_course_auth/internal/app/service_provider.go:113.3,116.17 3 0
github.com/Paul1k96/microservices_course_auth/internal/app/service_provider.go:116.17,118.4 1 0
github.com/Paul1k96/microservices_course_auth/internal/app/service_provider.go:120.3,120.21 1 0
github.com/Paul1k96/microservices_course_auth/internal/app/service_provider.go:123.2,123.27 1 0
github.com/Paul1k96/microservices_course_auth/internal/app/service_provider.go:127.76,128.23 1 0
github.com/Paul1k96/microservices_course_auth/internal/app/service_provider.go:128.23,130.17 2 0
github.com/Paul1k96/microservices_course_auth/internal/app/service_provider.go:130.17,132.4 1 0
github.com/Paul1k96/microservices_course_auth/internal/app/service_provider.go:134.3,135.17 2 0
github.com/Paul1k96/microservices_course_auth/internal/app/service_provider.go:135.17,137.4 1 0
github.com/Paul1k96/microservices_course_auth/internal/app/service_provider.go:138.3,140.18 2 0
github.com/Paul1k96/microservices_course_auth/internal/app/service_provider.go:143.2,143.24 1 0
github.com/Paul1k96/microservices_course_auth/internal/app/service_provider.go:147.80,148.24 1 0
github.com/Paul1k96/microservices_course_auth/internal/app/service_provider.go:148.24,150.17 2 0
github.com/Paul1k96/microservices_course_auth/internal/app/service_provider.go:150.17,152.4 1 0
github.com/Paul1k96/microservices_course_auth/internal/app/service_provider.go:153.3,153.65 1 0
github.com/Paul1k96/microservices_course_auth/internal/app/service_provider.go:156.2,156.25 1 0
github.com/Paul1k96/microservices_course_auth/internal/app/service_provider.go:160.100,161.30 1 0
github.com/Paul1k96/microservices_course_auth/internal/app/service_provider.go:161.30,163.17 2 0
github.com/Paul1k96/microservices_course_auth/internal/app/service_provider.go:163.17,165.4 1 0
github.com/Paul1k96/microservices_course_auth/internal/app/service_provider.go:166.3,166.58 1 0
github.com/Paul1k96/microservices_course_auth/internal/app/service_provider.go:169.2,169.31 1 0
github.com/Paul1k96/microservices_course_auth/internal/app/service_provider.go:173.90,174.25 1 0
github.com/Paul1k96/microservices_course_auth/internal/app/service_provider.go:174.25,176.17 2 0
github.com/Paul1k96/microservices_course_auth/internal/app/service_provider.go:176.17,178.4 1 0
github.com/Paul1k96/microservices_course_auth/internal/app/service_provider.go:179.3,180.17 2 0
github.com/Paul1k96/microservices_course_auth/internal/app/service_provider.go:180.17,182.4 1 0
github.com/Paul1k96/microservices_course_auth/internal/app/service_provider.go:183.3,183.72 1 0
github.com/Paul1k96/microservices_course_auth/internal/app/service_provider.go:186.2,186.26 1 0
github.com/Paul1k96/microservices_course_auth/internal/app/service_provider.go:190.90,191.27 1 0
github.com/Paul1k96/microservices_course_auth/internal/app/service_provider.go:191.27,193.17 2 0
github.com/Paul1k96/microservices_course_auth/internal/app/service_provider.go:193.17,195.4 1 0
github.com/Paul1k96/microservices_course_auth/internal/app/service_provider.go:196.3,197.17 2 0
github.com/Paul1k96/microservices_course_auth/internal/app/service_provider.go:197.17,199.4 1 0
github.com/Paul1k96/microservices_course_auth/internal/app/service_provider.go:200.3,201.17 2 0
github.com/Paul1k96/microservices_course_auth/internal/app/service_provider.go:201.17,203.4 1 0
github.com/Paul1k96/microservices_course_auth/internal/app/service_provider.go:204.3,204.76 1 0
github.com/Paul1k96/microservices_course_auth/internal/app/service_provider.go:207.2,207.28 1 0
github.com/Paul1k96/microservices_course_auth/internal/app/service_provider.go:211.92,212.25 1 0
github.com/Paul1k96/microservices_course_auth/internal/app/service_provider.go:212.25,214.17 2 0
github.com/Paul1k96/microservices_course_auth/internal/app/service_provider.go:214.17,216.4 1 0
github.com/Paul1k96/microservices_course_auth/internal/app/service_provider.go:217.3,217.67 1 0
github.com/Paul1k96/microservices_course_auth/internal/app/service_provider.go:220.2,220.26 1 0
github.com/Paul1k96/microservices_course_auth/internal/errs/errors.go:24.53,29.2 1 0
github.com/Paul1k96/microservices_course_auth/internal/errs/errors.go:32.32,34.2 1 0
github.com/Paul1k96/microservices_course_auth/internal/mapper/user.go:10.71,17.2 1 0
github.com/Paul1k96/microservices_course_auth/internal/mapper/user.go:20.73,24.2 1 0
github.com/Paul1k96/microservices_course_auth/internal/mapper/user.go:27.71,36.27 2 0
github.com/Paul1k96/microservices_course_auth/internal/mapper/user.go:36.27,38.3 1 0
github.com/Paul1k96/microservices_course_auth/internal/mapper/user.go:40.2,40.13 1 0
github.com/Paul1k96/microservices_course_auth/internal/mapper/user.go:44.82,49.29 2 0
github.com/Paul1k96/microservices_course_auth/internal/mapper/user.go:49.29,51.3 1 0
github.com/Paul1k96/microservices_course_auth/internal/mapper/user.go:53.2,53.13 1 0
github.com/Paul1k96/microservices_course_auth/internal/mapper/user.go:57.71,63.25 2 0
github.com/Paul1k96/microservices_course_auth/internal/mapper/user.go:63.25,65.3 1 0
github.com/Paul1k96/microservices_course_auth/internal/mapper/user.go:67.2,67.26 1 0
github.com/Paul1k96/microservices_course_auth/internal/mapper/user.go:67.26,69.3 1 0
github.com/Paul1k96/microservices_course_auth/internal/mapper/user.go:71.2,71.13 1 0
github.com/Paul1k96/microservices_course_auth/internal/config/env/grpc.go:21.40,28.2 4 0
github.com/Paul1k96/microservices_course_auth/internal/config/env/grpc.go:31.42,33.2 1 0
github.com/Paul1k96/microservices_course_auth/internal/config/env/postgres.go:28.36,38.2 7 0
github.com/Paul1k96/microservices_course_auth/internal/config/env/postgres.go:41.36,46.2 2 0
github.com/Paul1k96/microservices_course_auth/internal/config/env/redis.go:30.51,37.16 5 0
github.com/Paul1k96/microservices_course_auth/internal/config/env/redis.go:37.16,39.3 1 0
github.com/Paul1k96/microservices_course_auth/internal/config/env/redis.go:40.2,43.16 3 0
github.com/Paul1k96/microservices_course_auth/internal/config/env/redis.go:43.16,45.3 1 0
github.com/Paul1k96/microservices_course_auth/internal/config/env/redis.go:46.2,49.16 3 0
github.com/Paul1k96/microservices_course_auth/internal/config/env/redis.go:49.16,51.3 1 0
github.com/Paul1k96/microservices_course_auth/internal/config/env/redis.go:52.2,55.16 3 0
github.com/Paul1k96/microservices_course_auth/internal/config/env/redis.go:55.16,57.3 1 0
github.com/Paul1k96/microservices_course_auth/internal/config/env/redis.go:58.2,60.18 2 0
github.com/Paul1k96/microservices_course_auth/internal/config/env/redis.go:64.43,66.2 1 0
github.com/Paul1k96/microservices_course_auth/internal/config/env/redis.go:69.60,71.2 1 0
github.com/Paul1k96/microservices_course_auth/internal/config/env/redis.go:74.40,76.2 1 0
github.com/Paul1k96/microservices_course_auth/internal/config/env/redis.go:79.54,81.2 1 0
github.com/Paul1k96/microservices_course_auth/internal/config/env/redis.go:84.50,86.2 1 0
github.com/Paul1k96/microservices_course_auth/internal/model/role_string.go:16.31,17.43 1 0
github.com/Paul1k96/microservices_course_auth/internal/model/role_string.go:17.43,19.3 1 0
github.com/Paul1k96/microservices_course_auth/internal/model/role_string.go:20.2,20.49 1 0
github.com/Paul1k96/microservices_course_auth/internal/model/role_string.go:25.18,30.2 4 0
github.com/Paul1k96/microservices_course_auth/internal/model/role_string.go:51.41,52.43 1 0
github.com/Paul1k96/microservices_course_auth/internal/model/role_string.go:52.43,54.3 1 0
github.com/Paul1k96/microservices_course_auth/internal/model/role_string.go:56.2,56.60 1 0
github.com/Paul1k96/microservices_course_auth/internal/model/role_string.go:56.60,58.3 1 0
github.com/Paul1k96/microservices_course_auth/internal/model/role_string.go:59.2,59.62 1 0
github.com/Paul1k96/microservices_course_auth/internal/model/role_string.go:63.26,65.2 1 0
github.com/Paul1k96/microservices_course_auth/internal/model/role_string.go:68.29,72.2 3 0
github.com/Paul1k96/microservices_course_auth/internal/model/role_string.go:75.30,76.32 1 0
github.com/Paul1k96/microservices_course_auth/internal/model/role_string.go:76.32,77.13 1 0
github.com/Paul1k96/microservices_course_auth/internal/model/role_string.go:77.13,79.4 1 0
github.com/Paul1k96/microservices_course_auth/internal/model/role_string.go:81.2,81.14 1 0
github.com/Paul1k96/microservices_course_auth/internal/repository/mocks/repository.go:33.75,37.2 3 0
github.com/Paul1k96/microservices_course_auth/internal/repository/mocks/repository.go:40.73,42.2 1 0
github.com/Paul1k96/microservices_course_auth/internal/repository/mocks/repository.go:45.92,51.2 5 0
github.com/Paul1k96/microservices_course_auth/internal/repository/mocks/repository.go:54.79,57.2 2 0
github.com/Paul1k96/microservices_course_auth/internal/repository/mocks/repository.go:60.75,65.2 4 0
github.com/Paul1k96/microservices_course_auth/internal/repository/mocks/repository.go:68.77,71.2 2 0
github.com/Paul1k96/microservices_course_auth/internal/repository/mocks/repository.go:74.91,80.2 5 0
github.com/Paul1k96/microservices_course_auth/internal/repository/mocks/repository.go:83.78,86.2 2 0
github.com/Paul1k96/microservices_course_auth/internal/repository/mocks/repository.go:89.97,95.2 5 0
github.com/Paul1k96/microservices_course_auth/internal/repository/mocks/repository.go:98.80,101.2 2 0
github.com/Paul1k96/microservices_course_auth/internal/repository/mocks/repository.go:104.83,109.2 4 0
github.com/Paul1k96/microservices_course_auth/internal/repository/mocks/repository.go:112.79,115.2 2 0
github.com/Paul1k96/microservices_course_auth/internal/repository/mocks/repository.go:130.65,134.2 3 0
github.com/Paul1k96/microservices_course_auth/internal/repository/mocks/repository.go:137.63,139.2 1 0
github.com/Paul1k96/microservices_course_auth/internal/repository/mocks/repository.go:142.70,147.2 4 0
github.com/Paul1k96/microservices_course_auth/internal/repository/mocks/repository.go:150.72,153.2 2 0
github.com/Paul1k96/microservices_course_auth/internal/repository/mocks/repository.go:156.82,162.2 5 0
github.com/Paul1k96/microservices_course_auth/internal/repository/mocks/repository.go:165.69,168.2 2 0
github.com/Paul1k96/microservices_course_auth/internal/repository/mocks/repository.go:171.75,176.2 4 0
github.com/Paul1k96/microservices_course_auth/internal/repository/mocks/repository.go:179.71,182.2 2 0
github.com/Paul1k96/microservices_course_auth/internal/repository/user/pg/repository.go:35.42,37.2 1 0
github.com/Paul1k96/microservices_course_auth/internal/repository/user/pg/repository.go:40.83,48.16 3 0
github.com/Paul1k96/microservices_course_auth/internal/repository/user/pg/repository.go:48.16,50.3 1 0
github.com/Paul1k96/microservices_course_auth/internal/repository/user/pg/repository.go:52.2,59.16 4 0
github.com/Paul1k96/microservices_course_auth/internal/repository/user/pg/repository.go:59.16,61.3 1 0
github.com/Paul1k96/microservices_course_auth/internal/repository/user/pg/repository.go:63.2,63.20 1 0
github.com/Paul1k96/microservices_course_auth/internal/repository/user/pg/repository.go:67.82,74.16 3 0
github.com/Paul1k96/microservices_course_auth/internal/repository/user/pg/repository.go:74.16,76.3 1 0
github.com/Paul1k96/microservices_course_auth/internal/repository/user/pg/repository.go:78.2,85.16 4 0
github.com/Paul1k96/microservices_course_auth/internal/repository/user/pg/repository.go:85.16,86.36 1 0
github.com/Paul1k96/microservices_course_auth/internal/repository/user/pg/repository.go:86.36,88.4 1 0
github.com/Paul1k96/microservices_course_auth/internal/repository/user/pg/repository.go:90.3,90.46 1 0
github.com/Paul1k96/microservices_course_auth/internal/repository/user/pg/repository.go:93.2,93.42 1 0
github.com/Paul1k96/microservices_course_auth/internal/repository/user/pg/repository.go:97.88,104.16 3 0
github.com/Paul1k96/microservices_course_auth/internal/repository/user/pg/repository.go:104.16,106.3 1 0
github.com/Paul1k96/microservices_course_auth/internal/repository/user/pg/repository.go:108.2,115.16 4 0
github.com/Paul1k96/microservices_course_auth/internal/repository/user/pg/repository.go:115.16,117.3 1 0
github.com/Paul1k96/microservices_course_auth/internal/repository/user/pg/repository.go:119.2,119.43 1 0
github.com/Paul1k96/microservices_course_auth/internal/repository/user/pg/repository.go:124.74,128.16 3 0
github.com/Paul1k96/microservices_course_auth/internal/repository/user/pg/repository.go:128.16,130.3 1 0
github.com/Paul1k96/microservices_course_auth/internal/repository/user/pg/repository.go:132.2,138.16 3 0
github.com/Paul1k96/microservices_course_auth/internal/repository/user/pg/repository.go:138.16,140.3 1 0
github.com/Paul1k96/microservices_course_auth/internal/repository/user/pg/repository.go:142.2,142.12 1 0
github.com/Paul1k96/microservices_course_auth/internal/repository/user/pg/repository.go:145.78,152.21 2 0
github.com/Paul1k96/microservices_course_auth/internal/repository/user/pg/repository.go:152.21,154.3 1 0
github.com/Paul1k96/microservices_course_auth/internal/repository/user/pg/repository.go:155.2,155.22 1 0
github.com/Paul1k96/microservices_course_auth/internal/repository/user/pg/repository.go:155.22,157.3 1 0
github.com/Paul1k96/microservices_course_auth/internal/repository/user/pg/repository.go:159.2,159.21 1 0
github.com/Paul1k96/microservices_course_auth/internal/repository/user/pg/repository.go:163.66,169.16 3 0
github.com/Paul1k96/microservices_course_auth/internal/repository/user/pg/repository.go:169.16,171.3 1 0
github.com/Paul1k96/microservices_course_auth/internal/repository/user/pg/repository.go:173.2,179.16 3 0
github.com/Paul1k96/microservices_course_auth/internal/repository/user/pg/repository.go:179.16,181.3 1 0
github.com/Paul1k96/microservices_course_auth/internal/repository/user/pg/repository.go:183.2,183.12 1 0
github.com/Paul1k96/microservices_course_auth/internal/repository/user/pg/mapper/user.go:9.61,12.29 2 0
github.com/Paul1k96/microservices_course_auth/internal/repository/user/pg/mapper/user.go:12.29,14.3 1 0
github.com/Paul1k96/microservices_course_auth/internal/repository/user/pg/mapper/user.go:16.2,16.21 1 0
github.com/Paul1k96/microservices_course_auth/internal/repository/user/pg/mapper/user.go:20.55,29.26 8 0
github.com/Paul1k96/microservices_course_auth/internal/repository/user/pg/mapper/user.go:29.26,31.3 1 0
github.com/Paul1k96/microservices_course_auth/internal/repository/user/pg/mapper/user.go:33.2,33.21 1 0
github.com/Paul1k96/microservices_course_auth/internal/repository/user/pg/mapper/user.go:37.45,39.16 2 0
github.com/Paul1k96/microservices_course_auth/internal/repository/user/pg/mapper/user.go:39.16,41.3 1 0
github.com/Paul1k96/microservices_course_auth/internal/repository/user/pg/mapper/user.go:43.2,43.18 1 0
github.com/Paul1k96/microservices_course_auth/internal/repository/user/redis/repository.go:23.81,25.2 1 0
github.com/Paul1k96/microservices_course_auth/internal/repository/user/redis/repository.go:28.71,37.27 2 0
github.com/Paul1k96/microservices_course_auth/internal/repository/user/redis/repository.go:37.27,40.3 2 0
github.com/Paul1k96/microservices_course_auth/internal/repository/user/redis/repository.go:42.2,43.16 2 0
github.com/Paul1k96/microservices_course_auth/internal/repository/user/redis/repository.go:43.16,45.3 1 0
github.com/Paul1k96/microservices_course_auth/internal/repository/user/redis/repository.go:47.2,48.16 2 0
github.com/Paul1k96/microservices_course_auth/internal/repository/user/redis/repository.go:48.16,50.3 1 0
github.com/Paul1k96/microservices_course_auth/internal/repository/user/redis/repository.go:52.2,52.12 1 0
github.com/Paul1k96/microservices_course_auth/internal/repository/user/redis/repository.go:56.78,58.16 2 0
github.com/Paul1k96/microservices_course_auth/internal/repository/user/redis/repository.go:58.16,60.3 1 0
github.com/Paul1k96/microservices_course_auth/internal/repository/user/redis/repository.go:62.2,62.22 1 0
github.com/Paul1k96/microservices_course_auth/internal/repository/user/redis/repository.go:62.22,64.3 1 0
github.com/Paul1k96/microservices_course_auth/internal/repository/user/redis/repository.go:66.2,68.16 3 0
github.com/Paul1k96/microservices_course_auth/internal/repository/user/redis/repository.go:68.16,70.3 1 0
github.com/Paul1k96/microservices_course_auth/internal/repository/user/redis/repository.go:72.2,72.42 1 0
github.com/Paul1k96/microservices_course_auth/internal/repository/user/redis/repository.go:76.66,78.16 2 0
github.com/Paul1k96/microservices_course_auth/internal/repository/user/redis/repository.go:78.16,80.3 1 0
github.com/Paul1k96/microservices_course_auth/internal/repository/user/redis/repository.go:82.2,82.12 1 0
github.com/Paul1k96/microservices_course_auth/internal/service/user/create.go:12.80,13.45 1 0
github.com/Paul1k96/microservices_course_auth/internal/service/user/create.go:13.45,15.3 1 0
github.com/Paul1k96/microservices_course_auth/internal/service/user/create.go:17.2,18.16 2 0
github.com/Paul1k96/microservices_course_auth/internal/service/user/create.go:18.16,20.3 1 0
github.com/Paul1k96/microservices_course_auth/internal/service/user/create.go:22.2,25.16 3 0
github.com/Paul1k96/microservices_course_auth/internal/service/user/create.go:28.56,30.16 2 0
github.com/Paul1k96/microservices_course_auth/internal/service/user/create.go:30.16,32.3 1 0
github.com/Paul1k96/microservices_course_auth/internal/service/user/create.go:34.2,35.16 2 0
github.com/Paul1k96/microservices_course_auth/internal/service/user/create.go:35.16,37.3 1 0
github.com/Paul1k96/microservices_course_auth/internal/service/user/create.go:39.2,40.16 2 0
github.com/Paul1k96/microservices_course_auth/internal/service/user/create.go:40.16,42.3 1 0
github.com/Paul1k96/microservices_course_auth/internal/service/user/create.go:44.2,44.12 1 0
github.com/Paul1k96/microservices_course_auth/internal/service/user/create.go:47.55,49.16 2 0
github.com/Paul1k96/microservices_course_auth/internal/service/user/create.go:49.16,51.3 1 0
github.com/Paul1k96/microservices_course_auth/internal/service/user/create.go:53.2,54.16 2 0
github.com/Paul1k96/microservices_course_auth/internal/service/user/create.go:54.16,56.3 1 0
github.com/Paul1k96/microservices_course_auth/internal/service/user/create.go:58.2,58.12 1 0
github.com/Paul1k96/microservices_course_auth/internal/service/user/create.go:61.58,62.20 1 0
github.com/Paul1k96/microservices_course_auth/internal/service/user/create.go:62.20,64.3 1 0
github.com/Paul1k96/microservices_course_auth/internal/service/user/create.go:66.2,66.19 1 0
github.com/Paul1k96/microservices_course_auth/internal/service/user/create.go:66.19,68.3 1 0
github.com/Paul1k96/microservices_course_auth/internal/service/user/create.go:70.2,70.21 1 0
github.com/Paul1k96/microservices_course_auth/internal/service/user/create.go:70.21,72.3 1 0
github.com/Paul1k96/microservices_course_auth/internal/service/user/create.go:74.2,74.12 1 0
github.com/Paul1k96/microservices_course_auth/internal/service/user/create.go:77.61,82.28 2 0
github.com/Paul1k96/microservices_course_auth/internal/service/user/create.go:82.28,83.41 1 0
github.com/Paul1k96/microservices_course_auth/internal/service/user/create.go:83.41,85.4 1 0
github.com/Paul1k96/microservices_course_auth/internal/service/user/create.go:88.2,88.12 1 0
github.com/Paul1k96/microservices_course_auth/internal/service/user/create.go:91.57,93.16 2 0
github.com/Paul1k96/microservices_course_auth/internal/service/user/create.go:93.16,95.3 1 0
github.com/Paul1k96/microservices_course_auth/internal/service/user/create.go:97.2,98.16 2 0
github.com/Paul1k96/microservices_course_auth/internal/service/user/create.go:98.16,100.3 1 0
github.com/Paul1k96/microservices_course_auth/internal/service/user/create.go:102.2,102.12 1 0
github.com/Paul1k96/microservices_course_auth/internal/service/user/create.go:105.60,106.21 1 0
github.com/Paul1k96/microservices_course_auth/internal/service/user/create.go:106.21,108.3 1 0
github.com/Paul1k96/microservices_course_auth/internal/service/user/create.go:110.2,110.20 1 0
github.com/Paul1k96/microservices_course_auth/internal/service/user/create.go:110.20,112.3 1 0
github.com/Paul1k96/microservices_course_auth/internal/service/user/create.go:114.2,114.22 1 0
github.com/Paul1k96/microservices_course_auth/internal/service/user/create.go:114.22,116.3 1 0
github.com/Paul1k96/microservices_course_auth/internal/service/user/create.go:118.2,118.12 1 0
github.com/Paul1k96/microservices_course_auth/internal/service/user/create.go:121.60,123.16 2 0
github.com/Paul1k96/microservices_course_auth/internal/service/user/create.go:123.16,125.3 1 0
github.com/Paul1k96/microservices_course_auth/internal/service/user/create.go:127.2,127.12 1 0
github.com/Paul1k96/microservices_course_auth/internal/service/user/create.go:130.59,131.20 1 0
github.com/Paul1k96/microservices_course_auth/internal/service/user/create.go:131.20,133.3 1 0
github.com/Paul1k96/microservices_course_auth/internal/service/user/create.go:135.2,135.40 1 0
github.com/Paul1k96/microservices_course_auth/internal/service/user/delete.go:9.63,11.16 2 0
github.com/Paul1k96/microservices_course_auth/internal/service/user/delete.go:11.16,13.3 1 0
github.com/Paul1k96/microservices_course_auth/internal/service/user/delete.go:15.2,17.12 2 0
github.com/Paul1k96/microservices_course_auth/internal/service/user/get_by_id.go:13.79,20.57 3 0
github.com/Paul1k96/microservices_course_auth/internal/service/user/get_by_id.go:20.57,22.3 1 0
github.com/Paul1k96/microservices_course_auth/internal/service/user/get_by_id.go:24.2,24.17 1 0
github.com/Paul1k96/microservices_course_auth/internal/service/user/get_by_id.go:24.17,26.3 1 0
github.com/Paul1k96/microservices_course_auth/internal/service/user/get_by_id.go:28.2,29.16 2 0
github.com/Paul1k96/microservices_course_auth/internal/service/user/get_by_id.go:29.16,31.3 1 0
github.com/Paul1k96/microservices_course_auth/internal/service/user/get_by_id.go:33.2,33.17 1 0
github.com/Paul1k96/microservices_course_auth/internal/service/user/get_by_id.go:33.17,35.3 1 0
github.com/Paul1k96/microservices_course_auth/internal/service/user/get_by_id.go:37.2,39.18 2 0
github.com/Paul1k96/microservices_course_auth/internal/service/user/get_list_by_ids.go:16.89,25.25 6 0
github.com/Paul1k96/microservices_course_auth/internal/service/user/get_list_by_ids.go:25.25,27.28 2 0
github.com/Paul1k96/microservices_course_auth/internal/service/user/get_list_by_ids.go:27.28,29.18 2 0
github.com/Paul1k96/microservices_course_auth/internal/service/user/get_list_by_ids.go:29.18,32.5 2 0
github.com/Paul1k96/microservices_course_auth/internal/service/user/get_list_by_ids.go:34.4,36.14 2 0
github.com/Paul1k96/microservices_course_auth/internal/service/user/get_list_by_ids.go:40.2,45.30 5 0
github.com/Paul1k96/microservices_course_auth/internal/service/user/get_list_by_ids.go:45.30,47.3 1 0
github.com/Paul1k96/microservices_course_auth/internal/service/user/get_list_by_ids.go:49.2,49.31 1 0
github.com/Paul1k96/microservices_course_auth/internal/service/user/get_list_by_ids.go:49.31,51.3 1 0
github.com/Paul1k96/microservices_course_auth/internal/service/user/get_list_by_ids.go:53.2,53.25 1 0
github.com/Paul1k96/microservices_course_auth/internal/service/user/get_list_by_ids.go:53.25,55.17 2 0
github.com/Paul1k96/microservices_course_auth/internal/service/user/get_list_by_ids.go:55.17,57.4 1 0
github.com/Paul1k96/microservices_course_auth/internal/service/user/get_list_by_ids.go:59.3,59.30 1 0
github.com/Paul1k96/microservices_course_auth/internal/service/user/get_list_by_ids.go:59.30,61.29 2 0
github.com/Paul1k96/microservices_course_auth/internal/service/user/get_list_by_ids.go:61.29,64.5 2 0
github.com/Paul1k96/microservices_course_auth/internal/service/user/get_list_by_ids.go:67.3,69.36 2 0
github.com/Paul1k96/microservices_course_auth/internal/service/user/get_list_by_ids.go:72.2,72.20 1 0
github.com/Paul1k96/microservices_course_auth/internal/service/user/service.go:20.19,26.2 1 0
github.com/Paul1k96/microservices_course_auth/internal/service/user/update.go:12.71,13.77 1 0
github.com/Paul1k96/microservices_course_auth/internal/service/user/update.go:13.77,14.52 1 0
github.com/Paul1k96/microservices_course_auth/internal/service/user/update.go:14.52,16.4 1 0
github.com/Paul1k96/microservices_course_auth/internal/service/user/update.go:18.3,20.50 3 0
github.com/Paul1k96/microservices_course_auth/internal/service/user/update.go:20.50,22.4 1 0
github.com/Paul1k96/microservices_course_auth/internal/service/user/update.go:24.3,24.13 1 0
github.com/Paul1k96/microservices_course_auth/internal/service/user/update.go:25.19,27.3 1 0
github.com/Paul1k96/microservices_course_auth/internal/service/user/update.go:29.2,31.12 2 0
github.com/Paul1k96/microservices_course_auth/internal/service/user/update.go:34.62,35.21 1 0
github.com/Paul1k96/microservices_course_auth/internal/service/user/update.go:35.21,36.55 1 0
github.com/Paul1k96/microservices_course_auth/internal/service/user/update.go:36.55,38.4 1 0
github.com/Paul1k96/microservices_course_auth/internal/service/user/update.go:41.2,41.22 1 0
github.com/Paul1k96/microservices_course_auth/internal/service/user/update.go:41.22,42.57 1 0
github.com/Paul1k96/microservices_course_auth/internal/service/user/update.go:42.57,44.4 1 0
github.com/Paul1k96/microservices_course_auth/internal/service/user/update.go:47.2,48.16 2 0
github.com/Paul1k96/microservices_course_auth/internal/service/user/update.go:48.16,50.3 1 0
github.com/Paul1k96/microservices_course_auth/internal/service/user/update.go:52.2,52.12 1 0
github.com/Paul1k96/microservices_course_auth/internal/repository/user/redis/mapper/user.go:11.55,19.27 7 0
github.com/Paul1k96/microservices_course_auth/internal/repository/user/redis/mapper/user.go:19.27,22.3 2 0
github.com/Paul1k96/microservices_course_auth/internal/repository/user/redis/mapper/user.go:24.2,24.21 1 0
github.com/Paul1k96/microservices_course_auth/internal/repository/user/redis/mapper/user.go:28.45,30.16 2 0
github.com/Paul1k96/microservices_course_auth/internal/repository/user/redis/mapper/user.go:30.16,32.3 1 0
github.com/Paul1k96/microservices_course_auth/internal/repository/user/redis/mapper/user.go:34.2,34.18 1 0
github.com/Paul1k96/microservices_course_auth/internal/testmodel/user.go:11.28,25.2 4 0
github.com/Paul1k96/microservices_course_auth/internal/testmodel/user.go:28.43,30.32 2 0
github.com/Paul1k96/microservices_course_auth/internal/testmodel/user.go:30.32,32.3 1 0
github.com/Paul1k96/microservices_course_auth/internal/testmodel/user.go:34.2,34.12 1 0
github.com/Paul1k96/microservices_course_auth/pkg/proto/gen/user_v1/user.pb.go:48.28,52.2 3 0
github.com/Paul1k96/microservices_course_auth/pkg/proto/gen/user_v1/user.pb.go:54.31,56.2 1 0
github.com/Paul1k96/microservices_course_auth/pkg/proto/gen/user_v1/user.pb.go:58.54,60.2 1 0
github.com/Paul1k96/microservices_course_auth/pkg/proto/gen/user_v1/user.pb.go:62.42,64.2 1 0
github.com/Paul1k96/microservices_course_auth/pkg/proto/gen/user_v1/user.pb.go:66.48,68.2 1 0
github.com/Paul1k96/microservices_course_auth/pkg/proto/gen/user_v1/user.pb.go:71.46,73.2 1 0
github.com/Paul1k96/microservices_course_auth/pkg/proto/gen/user_v1/user.pb.go:87.33,89.29 2 0
github.com/Paul1k96/microservices_course_auth/pkg/proto/gen/user_v1/user.pb.go:89.29,93.3 3 0
github.com/Paul1k96/microservices_course_auth/pkg/proto/gen/user_v1/user.pb.go:96.41,98.2 1 0
github.com/Paul1k96/microservices_course_auth/pkg/proto/gen/user_v1/user.pb.go:100.39,100.40 0 0
github.com/Paul1k96/microservices_course_auth/pkg/proto/gen/user_v1/user.pb.go:102.61,104.41 2 0
github.com/Paul1k96/microservices_course_auth/pkg/proto/gen/user_v1/user.pb.go:104.41,106.34 2 0
github.com/Paul1k96/microservices_course_auth/pkg/proto/gen/user_v1/user.pb.go:106.34,108.4 1 0
github.com/Paul1k96/microservices_course_auth/pkg/proto/gen/user_v1/user.pb.go:109.3,109.12 1 0
github.com/Paul1k96/microservices_course_auth/pkg/proto/gen/user_v1/user.pb.go:111.2,111.24 1 0
github.com/Paul1k96/microservices_course_auth/pkg/proto/gen/user_v1/user.pb.go:115.52,117.2 1 0
github.com/Paul1k96/microservices_course_auth/pkg/proto/gen/user_v1/user.pb.go:119.42,120.14 1 0
github.com/Paul1k96/microservices_course_auth/pkg/proto/gen/user_v1/user.pb.go:120.14,122.3 1 0
github.com/Paul1k96/microservices_course_auth/pkg/proto/gen/user_v1/user.pb.go:123.2,123.11 1 0
github.com/Paul1k96/microservices_course_auth/pkg/proto/gen/user_v1/user.pb.go:126.43,127.14 1 0
github.com/Paul1k96/microservices_course_auth/pkg/proto/gen/user_v1/user.pb.go:127.14,129.3 1 0
github.com/Paul1k96/microservices_course_auth/pkg/proto/gen/user_v1/user.pb.go:130.2,130.11 1 0
github.com/Paul1k96/microservices_course_auth/pkg/proto/gen/user_v1/user.pb.go:133.46,134.14 1 0
github.com/Paul1k96/microservices_course_auth/pkg/proto/gen/user_v1/user.pb.go:134.14,136.3 1 0
github.com/Paul1k96/microservices_course_auth/pkg/proto/gen/user_v1/user.pb.go:137.2,137.11 1 0
github.com/Paul1k96/microservices_course_auth/pkg/proto/gen/user_v1/user.pb.go:140.53,141.14 1 0
github.com/Paul1k96/microservices_course_auth/pkg/proto/gen/user_v1/user.pb.go:141.14,143.3 1 0
github.com/Paul1k96/microservices_course_auth/pkg/proto/gen/user_v1/user.pb.go:144.2,144.11 1 0
github.com/Paul1k96/microservices_course_auth/pkg/proto/gen/user_v1/user.pb.go:147.40,148.14 1 0
github.com/Paul1k96/microservices_course_auth/pkg/proto/gen/user_v1/user.pb.go:148.14,150.3 1 0
github.com/Paul1k96/microservices_course_auth/pkg/proto/gen/user_v1/user.pb.go:151.2,151.21 1 0
github.com/Paul1k96/microservices_course_auth/pkg/proto/gen/user_v1/user.pb.go:162.34,164.29 2 0
github.com/Paul1k96/microservices_course_auth/pkg/proto/gen/user_v1/user.pb.go:164.29,168.3 3 0
github.com/Paul1k96/microservices_course_auth/pkg/proto/gen/user_v1/user.pb.go:171.42,173.2 1 0
github.com/Paul1k96/microservices_course_auth/pkg/proto/gen/user_v1/user.pb.go:175.40,175.41 0 0
github.com/Paul1k96/microservices_course_auth/pkg/proto/gen/user_v1/user.pb.go:177.62,179.41 2 0
github.com/Paul1k96/microservices_course_auth/pkg/proto/gen/user_v1/user.pb.go:179.41,181.34 2 0
github.com/Paul1k96/microservices_course_auth/pkg/proto/gen/user_v1/user.pb.go:181.34,183.4 1 0
github.com/Paul1k96/microservices_course_auth/pkg/proto/gen/user_v1/user.pb.go:184.3,184.12 1 0
github.com/Paul1k96/microservices_course_auth/pkg/proto/gen/user_v1/user.pb.go:186.2,186.24 1 0
github.com/Paul1k96/microservices_course_auth/pkg/proto/gen/user_v1/user.pb.go:190.53,192.2 1 0
github.com/Paul1k96/microservices_course_auth/pkg/proto/gen/user_v1/user.pb.go:194.40,195.14 1 0
github.com/Paul1k96/microservices_course_auth/pkg/proto/gen/user_v1/user.pb.go:195.14,197.3 1 0
github.com/Paul1k96/microservices_course_auth/pkg/proto/gen/user_v1/user.pb.go:198.2,198.10 1 0
github.com/Paul1k96/microservices_course_auth/pkg/proto/gen/user_v1/user.pb.go:209.30,211.29 2 0
github.com/Paul1k96/microservices_course_auth/pkg/proto/gen/user_v1/user.pb.go:211.29,215.3 3 0
github.com/Paul1k96/microservices_course_auth/pkg/proto/gen/user_v1/user.pb.go:218.38,220.2 1 0
github.com/Paul1k96/microservices_course_auth/pkg/proto/gen/user_v1/user.pb.go:222.36,222.37 0 0
github.com/Paul1k96/microservices_course_auth/pkg/proto/gen/user_v1/user.pb.go:224.58,226.41 2 0
github.com/Paul1k96/microservices_course_auth/pkg/proto/gen/user_v1/user.pb.go:226.41,228.34 2 0
github.com/Paul1k96/microservices_course_auth/pkg/proto/gen/user_v1/user.pb.go:228.34,230.4 1 0
github.com/Paul1k96/microservices_course_auth/pkg/proto/gen/user_v1/user.pb.go:231.3,231.12 1 0
github.com/Paul1k96/microservices_course_auth/pkg/proto/gen/user_v1/user.pb.go:233.2,233.24 1 0
github.com/Paul1k96/microservices_course_auth/pkg/proto/gen/user_v1/user.pb.go:237.49,239.2 1 0
github.com/Paul1k96/microservices_course_auth/pkg/proto/gen/user_v1/user.pb.go:241.36,242.14 1 0
github.com/Paul1k96/microservices_course_auth/pkg/proto/gen/user_v1/user.pb.go:242.14,244.3 1 0
github.com/Paul1k96/microservices_course_auth/pkg/proto/gen/user_v1/user.pb.go:245.2,245.10 1 0
github.com/Paul1k96/microservices_course_auth/pkg/proto/gen/user_v1/user.pb.go:261.31,263.29 2 0
github.com/Paul1k96/microservices_course_auth/pkg/proto/gen/user_v1/user.pb.go:263.29,267.3 3 0
github.com/Paul1k96/microservices_course_auth/pkg/proto/gen/user_v1/user.pb.go:270.39,272.2 1 0
github.com/Paul1k96/microservices_course_auth/pkg/proto/gen/user_v1/user.pb.go:274.37,274.38 0 0
github.com/Paul1k96/microservices_course_auth/pkg/proto/gen/user_v1/user.pb.go:276.59,278.41 2 0
github.com/Paul1k96/microservices_course_auth/pkg/proto/gen/user_v1/user.pb.go:278.41,280.34 2 0
github.com/Paul1k96/microservices_course_auth/pkg/proto/gen/user_v1/user.pb.go:280.34,282.4 1 0
github.com/Paul1k96/microservices_course_auth/pkg/proto/gen/user_v1/user.pb.go:283.3,283.12 1 0
github.com/Paul1k96/microservices_course_auth/pkg/proto/gen/user_v1/user.pb.go:285.2,285.24 1 0
github.com/Paul1k96/microservices_course_auth/pkg/proto/gen/user_v1/user.pb.go:289.50,291.2 1 0
github.com/Paul1k96/microservices_course_auth/pkg/proto/gen/user_v1/user.pb.go:293.37,294.14 1 0
github.com/Paul1k96/microservices_course_auth/pkg/proto/gen/user_v1/user.pb.go:294.14,296.3 1 0
github.com/Paul1k96/microservices_course_auth/pkg/proto/gen/user_v1/user.pb.go:297.2,297.10 1 0
github.com/Paul1k96/microservices_course_auth/pkg/proto/gen/user_v1/user.pb.go:300.40,301.14 1 0
github.com/Paul1k96/microservices_course_auth/pkg/proto/gen/user_v1/user.pb.go:301.14,303.3 1 0
github.com/Paul1k96/microservices_course_auth/pkg/proto/gen/user_v1/user.pb.go:304.2,304.11 1 0
github.com/Paul1k96/microservices_course_auth/pkg/proto/gen/user_v1/user.pb.go:307.41,308.14 1 0
github.com/Paul1k96/microservices_course_auth/pkg/proto/gen/user_v1/user.pb.go:308.14,310.3 1 0
github.com/Paul1k96/microservices_course_auth/pkg/proto/gen/user_v1/user.pb.go:311.2,311.11 1 0
github.com/Paul1k96/microservices_course_auth/pkg/proto/gen/user_v1/user.pb.go:314.38,315.14 1 0
github.com/Paul1k96/microservices_course_auth/pkg/proto/gen/user_v1/user.pb.go:315.14,317.3 1 0
github.com/Paul1k96/microservices_course_auth/pkg/proto/gen/user_v1/user.pb.go:318.2,318.21 1 0
github.com/Paul1k96/microservices_course_auth/pkg/proto/gen/user_v1/user.pb.go:321.61,322.14 1 0
github.com/Paul1k96/microservices_course_auth/pkg/proto/gen/user_v1/user.pb.go:322.14,324.3 1 0
github.com/Paul1k96/microservices_course_auth/pkg/proto/gen/user_v1/user.pb.go:325.2,325.12 1 0
github.com/Paul1k96/microservices_course_auth/pkg/proto/gen/user_v1/user.pb.go:328.61,329.14 1 0
github.com/Paul1k96/microservices_course_auth/pkg/proto/gen/user_v1/user.pb.go:329.14,331.3 1 0
github.com/Paul1k96/microservices_course_auth/pkg/proto/gen/user_v1/user.pb.go:332.2,332.12 1 0
github.com/Paul1k96/microservices_course_auth/pkg/proto/gen/user_v1/user.pb.go:343.34,345.29 2 0
github.com/Paul1k96/microservices_course_auth/pkg/proto/gen/user_v1/user.pb.go:345.29,349.3 3 0
github.com/Paul1k96/microservices_course_auth/pkg/proto/gen/user_v1/user.pb.go:352.42,354.2 1 0
github.com/Paul1k96/microservices_course_auth/pkg/proto/gen/user_v1/user.pb.go:356.40,356.41 0 0
github.com/Paul1k96/microservices_course_auth/pkg/proto/gen/user_v1/user.pb.go:358.62,360.41 2 0
github.com/Paul1k96/microservices_course_auth/pkg/proto/gen/user_v1/user.pb.go:360.41,362.34 2 0
github.com/Paul1k96/microservices_course_auth/pkg/proto/gen/user_v1/user.pb.go:362.34,364.4 1 0
github.com/Paul1k96/microservices_course_auth/pkg/proto/gen/user_v1/user.pb.go:365.3,365.12 1 0
github.com/Paul1k96/microservices_course_auth/pkg/proto/gen/user_v1/user.pb.go:367.2,367.24 1 0
github.com/Paul1k96/microservices_course_auth/pkg/proto/gen/user_v1/user.pb.go:371.53,373.2 1 0
github.com/Paul1k96/microservices_course_auth/pkg/proto/gen/user_v1/user.pb.go:375.43,376.14 1 0
github.com/Paul1k96/microservices_course_auth/pkg/proto/gen/user_v1/user.pb.go:376.14,378.3 1 0
github.com/Paul1k96/microservices_course_auth/pkg/proto/gen/user_v1/user.pb.go:379.2,379.12 1 0
github.com/Paul1k96/microservices_course_auth/pkg/proto/gen/user_v1/user.pb.go:390.35,392.29 2 0
github.com/Paul1k96/microservices_course_auth/pkg/proto/gen/user_v1/user.pb.go:392.29,396.3 3 0
github.com/Paul1k96/microservices_course_auth/pkg/proto/gen/user_v1/user.pb.go:399.43,401.2 1 0
github.com/Paul1k96/microservices_course_auth/pkg/proto/gen/user_v1/user.pb.go:403.41,403.42 0 0
github.com/Paul1k96/microservices_course_auth/pkg/proto/gen/user_v1/user.pb.go:405.63,407.41 2 0
github.com/Paul1k96/microservices_course_auth/pkg/proto/gen/user_v1/user.pb.go:407.41,409.34 2 0
github.com/Paul1k96/microservices_course_auth/pkg/proto/gen/user_v1/user.pb.go:409.34,411.4 1 0
github.com/Paul1k96/microservices_course_auth/pkg/proto/gen/user_v1/user.pb.go:412.3,412.12 1 0
github.com/Paul1k96/microservices_course_auth/pkg/proto/gen/user_v1/user.pb.go:414.2,414.24 1 0
github.com/Paul1k96/microservices_course_auth/pkg/proto/gen/user_v1/user.pb.go:418.54,420.2 1 0
github.com/Paul1k96/microservices_course_auth/pkg/proto/gen/user_v1/user.pb.go:422.53,423.14 1 0
github.com/Paul1k96/microservices_course_auth/pkg/proto/gen/user_v1/user.pb.go:423.14,425.3 1 0
github.com/Paul1k96/microservices_course_auth/pkg/proto/gen/user_v1/user.pb.go:426.2,426.12 1 0
github.com/Paul1k96/microservices_course_auth/pkg/proto/gen/user_v1/user.pb.go:440.33,442.29 2 0
github.com/Paul1k96/microservices_course_auth/pkg/proto/gen/user_v1/user.pb.go:442.29,446.3 3 0
github.com/Paul1k96/microservices_course_auth/pkg/proto/gen/user_v1/user.pb.go:449.41,451.2 1 0
github.com/Paul1k96/microservices_course_auth/pkg/proto/gen/user_v1/user.pb.go:453.39,453.40 0 0
github.com/Paul1k96/microservices_course_auth/pkg/proto/gen/user_v1/user.pb.go:455.61,457.41 2 0
github.com/Paul1k96/microservices_course_auth/pkg/proto/gen/user_v1/user.pb.go:457.41,459.34 2 0
github.com/Paul1k96/microservices_course_auth/pkg/proto/gen/user_v1/user.pb.go:459.34,461.4 1 0
github.com/Paul1k96/microservices_course_auth/pkg/proto/gen/user_v1/user.pb.go:462.3,462.12 1 0
github.com/Paul1k96/microservices_course_auth/pkg/proto/gen/user_v1/user.pb.go:464.2,464.24 1 0
github.com/Paul1k96/microservices_course_auth/pkg/proto/gen/user_v1/user.pb.go:468.52,470.2 1 0
github.com/Paul1k96/microservices_course_auth/pkg/proto/gen/user_v1/user.pb.go:472.39,473.14 1 0
github.com/Paul1k96/microservices_course_auth/pkg/proto/gen/user_v1/user.pb.go:473.14,475.3 1 0
github.com/Paul1k96/microservices_course_auth/pkg/proto/gen/user_v1/user.pb.go:476.2,476.10 1 0
github.com/Paul1k96/microservices_course_auth/pkg/proto/gen/user_v1/user.pb.go:479.59,480.14 1 0
github.com/Paul1k96/microservices_course_auth/pkg/proto/gen/user_v1/user.pb.go:480.14,482.3 1 0
github.com/Paul1k96/microservices_course_auth/pkg/proto/gen/user_v1/user.pb.go:483.2,483.12 1 0
github.com/Paul1k96/microservices_course_auth/pkg/proto/gen/user_v1/user.pb.go:486.60,487.14 1 0
github.com/Paul1k96/microservices_course_auth/pkg/proto/gen/user_v1/user.pb.go:487.14,489.3 1 0
github.com/Paul1k96/microservices_course_auth/pkg/proto/gen/user_v1/user.pb.go:490.2,490.12 1 0
github.com/Paul1k96/microservices_course_auth/pkg/proto/gen/user_v1/user.pb.go:493.40,494.14 1 0
github.com/Paul1k96/microservices_course_auth/pkg/proto/gen/user_v1/user.pb.go:494.14,496.3 1 0
github.com/Paul1k96/microservices_course_auth/pkg/proto/gen/user_v1/user.pb.go:497.2,497.21 1 0
github.com/Paul1k96/microservices_course_auth/pkg/proto/gen/user_v1/user.pb.go:508.34,510.29 2 0
github.com/Paul1k96/microservices_course_auth/pkg/proto/gen/user_v1/user.pb.go:510.29,514.3 3 0
github.com/Paul1k96/microservices_course_auth/pkg/proto/gen/user_v1/user.pb.go:517.42,519.2 1 0
github.com/Paul1k96/microservices_course_auth/pkg/proto/gen/user_v1/user.pb.go:521.40,521.41 0 0
github.com/Paul1k96/microservices_course_auth/pkg/proto/gen/user_v1/user.pb.go:523.62,525.41 2 0
github.com/Paul1k96/microservices_course_auth/pkg/proto/gen/user_v1/user.pb.go:525.41,527.34 2 0
github.com/Paul1k96/microservices_course_auth/pkg/proto/gen/user_v1/user.pb.go:527.34,529.4 1 0
github.com/Paul1k96/microservices_course_auth/pkg/proto/gen/user_v1/user.pb.go:530.3,530.12 1 0
github.com/Paul1k96/microservices_course_auth/pkg/proto/gen/user_v1/user.pb.go:532.2,532.24 1 0
github.com/Paul1k96/microservices_course_auth/pkg/proto/gen/user_v1/user.pb.go:536.53,538.2 1 0
github.com/Paul1k96/microservices_course_auth/pkg/proto/gen/user_v1/user.pb.go:540.52,541.14 1 0
github.com/Paul1k96/microservices_course_auth/pkg/proto/gen/user_v1/user.pb.go:541.14,543.3 1 0
github.com/Paul1k96/microservices_course_auth/pkg/proto/gen/user_v1/user.pb.go:544.2,544.12 1 0
github.com/Paul1k96/microservices_course_auth/pkg/proto/gen/user_v1/user.pb.go:555.33,557.29 2 0
github.com/Paul1k96/microservices_course_auth/pkg/proto/gen/user_v1/user.pb.go:557.29,561.3 3 0
github.com/Paul1k96/microservices_course_auth/pkg/proto/gen/user_v1/user.pb.go:564.41,566.2 1 0
github.com/Paul1k96/microservices_course_auth/pkg/proto/gen/user_v1/user.pb.go:568.39,568.40 0 0
github.com/Paul1k96/microservices_course_auth/pkg/proto/gen/user_v1/user.pb.go:570.61,572.41 2 0
github.com/Paul1k96/microservices_course_auth/pkg/proto/gen/user_v1/user.pb.go:572.41,574.34 2 0
github.com/Paul1k96/microservices_course_auth/pkg/proto/gen/user_v1/user.pb.go:574.34,576.4 1 0
github.com/Paul1k96/microservices_course_auth/pkg/proto/gen/user_v1/user.pb.go:577.3,577.12 1 0
github.com/Paul1k96/microservices_course_auth/pkg/proto/gen/user_v1/user.pb.go:579.2,579.24 1 0
github.com/Paul1k96/microservices_course_auth/pkg/proto/gen/user_v1/user.pb.go:583.52,585.2 1 0
github.com/Paul1k96/microservices_course_auth/pkg/proto/gen/user_v1/user.pb.go:587.39,588.14 1 0
github.com/Paul1k96/microservices_course_auth/pkg/proto/gen/user_v1/user.pb.go:588.14,590.3 1 0
github.com/Paul1k96/microservices_course_auth/pkg/proto/gen/user_v1/user.pb.go:591.2,591.10 1 0
github.com/Paul1k96/microservices_course_auth/pkg/proto/gen/user_v1/user.pb.go:602.34,604.29 2 0
github.com/Paul1k96/microservices_course_auth/pkg/proto/gen/user_v1/user.pb.go:604.29,608.3 3 0
github.com/Paul1k96/microservices_course_auth/pkg/proto/gen/user_v1/user.pb.go:611.42,613.2 1 0
github.com/Paul1k96/microservices_course_auth/pkg/proto/gen/user_v1/user.pb.go:615.40,615.41 0 0
github.com/Paul1k96/microservices_course_auth/pkg/proto/gen/user_v1/user.pb.go:617.62,619.41 2 0
github.com/Paul1k96/microservices_course_auth/pkg/proto/gen/user_v1/user.pb.go:619.41,621.34 2 0
github.com/Paul1k96/microservices_course_auth/pkg/proto/gen/user_v1/user.pb.go:621.34,623.4 1 0
github.com/Paul1k96/microservices_course_auth/pkg/proto/gen/user_v1/user.pb.go:624.3,624.12 1 0
github.com/Paul1k96/microservices_course_auth/pkg/proto/gen/user_v1/user.pb.go:626.2,626.24 1 0
github.com/Paul1k96/microservices_course_auth/pkg/proto/gen/user_v1/user.pb.go:630.53,632.2 1 0
github.com/Paul1k96/microservices_course_auth/pkg/proto/gen/user_v1/user.pb.go:634.52,635.14 1 0
github.com/Paul1k96/microservices_course_auth/pkg/proto/gen/user_v1/user.pb.go:635.14,637.3 1 0
github.com/Paul1k96/microservices_course_auth/pkg/proto/gen/user_v1/user.pb.go:638.2,638.12 1 0
github.com/Paul1k96/microservices_course_auth/pkg/proto/gen/user_v1/user.pb.go:741.51,742.48 1 0
github.com/Paul1k96/microservices_course_auth/pkg/proto/gen/user_v1/user.pb.go:742.48,744.3 1 0
github.com/Paul1k96/microservices_course_auth/pkg/proto/gen/user_v1/user.pb.go:745.2,745.44 1 0
github.com/Paul1k96/microservices_course_auth/pkg/proto/gen/user_v1/user.pb.go:794.13,794.47 1 0
github.com/Paul1k96/microservices_course_auth/pkg/proto/gen/user_v1/user.pb.go:795.37,796.36 1 0
github.com/Paul1k96/microservices_course_auth/pkg/proto/gen/user_v1/user.pb.go:796.36,798.3 1 0
github.com/Paul1k96/microservices_course_auth/pkg/proto/gen/user_v1/user.pb.go:799.2,799.30 1 0
github.com/Paul1k96/microservices_course_auth/pkg/proto/gen/user_v1/user.pb.go:799.30,800.89 1 0
github.com/Paul1k96/microservices_course_auth/pkg/proto/gen/user_v1/user.pb.go:800.89,801.38 1 0
github.com/Paul1k96/microservices_course_auth/pkg/proto/gen/user_v1/user.pb.go:802.11,803.20 1 0
github.com/Paul1k96/microservices_course_auth/pkg/proto/gen/user_v1/user.pb.go:804.11,805.24 1 0
github.com/Paul1k96/microservices_course_auth/pkg/proto/gen/user_v1/user.pb.go:806.11,807.28 1 0
github.com/Paul1k96/microservices_course_auth/pkg/proto/gen/user_v1/user.pb.go:808.12,809.15 1 0
github.com/Paul1k96/microservices_course_auth/pkg/proto/gen/user_v1/user.pb.go:812.3,812.89 1 0
github.com/Paul1k96/microservices_course_auth/pkg/proto/gen/user_v1/user.pb.go:812.89,813.39 1 0
github.com/Paul1k96/microservices_course_auth/pkg/proto/gen/user_v1/user.pb.go:814.11,815.20 1 0
github.com/Paul1k96/microservices_course_auth/pkg/proto/gen/user_v1/user.pb.go:816.11,817.24 1 0
github.com/Paul1k96/microservices_course_auth/pkg/proto/gen/user_v1/user.pb.go:818.11,819.28 1 0
github.com/Paul1k96/microservices_course_auth/pkg/proto/gen/user_v1/user.pb.go:820.12,821.15 1 0
github.com/Paul1k96/microservices_course_auth/pkg/proto/gen/user_v1/user.pb.go:824.3,824.89 1 0
github.com/Paul1k96/microservices_course_auth/pkg/proto/gen/user_v1/user.pb.go:824.89,825.35 1 0
github.com/Paul1k96/microservices_course_auth/pkg/proto/gen/user_v1/user.pb.go:826.11,827.20 1 0
github.com/Paul1k96/microservices_course_auth/pkg/proto/gen/user_v1/user.pb.go:828.11,829.24 1 0
github.com/Paul1k96/microservices_course_auth/pkg/proto/gen/user_v1/user.pb.go:830.11,831.28 1 0
github.com/Paul1k96/microservices_course_auth/pkg/proto/gen/user_v1/user.pb.go:832.12,833.15 1 0
github.com/Paul1k96/microservices_course_auth/pkg/proto/gen/user_v1/user.pb.go:836.3,836.89 1 0
github.com/Paul1k96/microservices_course_auth/pkg/proto/gen/user_v1/user.pb.go:836.89,837.36 1 0
github.com/Paul1k96/microservices_course_auth/pkg/proto/gen/user_v1/user.pb.go:838.11,839.20 1 0
github.com/Paul1k96/microservices_course_auth/pkg/proto/gen/user_v1/user.pb.go:840.11,841.24 1 0
github.com/Paul1k96/microservices_course_auth/pkg/proto/gen/user_v1/user.pb.go:842.11,843.28 1 0
github.com/Paul1k96/microservices_course_auth/pkg/proto/gen/user_v1/user.pb.go:844.12,845.15 1 0
github.com/Paul1k96/microservices_course_auth/pkg/proto/gen/user_v1/user.pb.go:848.3,848.89 1 0
github.com/Paul1k96/microservices_course_auth/pkg/proto/gen/user_v1/user.pb.go:848.89,849.39 1 0
github.com/Paul1k96/microservices_course_auth/pkg/proto/gen/user_v1/user.pb.go:850.11,851.20 1 0
github.com/Paul1k96/microservices_course_auth/pkg/proto/gen/user_v1/user.pb.go:852.11,853.24 1 0
github.com/Paul1k96/microservices_course_auth/pkg/proto/gen/user_v1/user.pb.go:854.11,855.28 1 0
github.com/Paul1k96/microservices_course_auth/pkg/proto/gen/user_v1/user.pb.go:856.12,857.15 1 0
github.com/Paul1k96/microservices_course_auth/pkg/proto/gen/user_v1/user.pb.go:860.3,860.89 1 0
github.com/Paul1k96/microservices_course_auth/pkg/proto/gen/user_v1/user.pb.go:860.89,861.40 1 0
github.com/Paul1k96/microservices_course_auth/pkg/proto/gen/user_v1/user.pb.go:862.11,863.20 1 0
github.com/Paul1k96/microservices_course_auth/pkg/proto/gen/user_v1/user.pb.go:864.11,865.24 1 0
github.com/Paul1k96/microservices_course_auth/pkg/proto/gen/user_v1/user.pb.go:866.11,867.28 1 0
github.com/Paul1k96/microservices_course_auth/pkg/proto/gen/user_v1/user.pb.go:868.12,869.15 1 0
github.com/Paul1k96/microservices_course_auth/pkg/proto/gen/user_v1/user.pb.go:872.3,872.89 1 0
github.com/Paul1k96/microservices_course_auth/pkg/proto/gen/user_v1/user.pb.go:872.89,873.38 1 0
github.com/Paul1k96/microservices_course_auth/pkg/proto/gen/user_v1/user.pb.go:874.11,875.20 1 0
github.com/Paul1k96/microservices_course_auth/pkg/proto/gen/user_v1/user.pb.go:876.11,877.24 1 0
github.com/Paul1k96/microservices_course_auth/pkg/proto/gen/user_v1/user.pb.go:878.11,879.28 1 0
github.com/Paul1k96/microservices_course_auth/pkg/proto/gen/user_v1/user.pb.go:880.12,881.15 1 0
github.com/Paul1k96/microservices_course_auth/pkg/proto/gen/user_v1/user.pb.go:884.3,884.89 1 0
github.com/Paul1k96/microservices_course_auth/pkg/proto/gen/user_v1/user.pb.go:884.89,885.39 1 0
github.com/Paul1k96/microservices_course_auth/pkg/proto/gen/user_v1/user.pb.go:886.11,887.20 1 0
github.com/Paul1k96/microservices_course_auth/pkg/proto/gen/user_v1/user.pb.go:888.11,889.24 1 0
github.com/Paul1k96/microservices_course_auth/pkg/proto/gen/user_v1/user.pb.go:890.11,891.28 1 0
github.com/Paul1k96/microservices_course_auth/pkg/proto/gen/user_v1/user.pb.go:892.12,893.15 1 0
github.com/Paul1k96/microservices_course_auth/pkg/proto/gen/user_v1/user.pb.go:896.3,896.89 1 0
github.com/Paul1k96/microservices_course_auth/pkg/proto/gen/user_v1/user.pb.go:896.89,897.38 1 0
github.com/Paul1k96/microservices_course_auth/pkg/proto/gen/user_v1/user.pb.go:898.11,899.20 1 0
github.com/Paul1k96/microservices_course_auth/pkg/proto/gen/user_v1/user.pb.go:900.11,901.24 1 0
github.com/Paul1k96/microservices_course_auth/pkg/proto/gen/user_v1/user.pb.go:902.11,903.28 1 0
github.com/Paul1k96/microservices_course_auth/pkg/proto/gen/user_v1/user.pb.go:904.12,905.15 1 0
github.com/Paul1k96/microservices_course_auth/pkg/proto/gen/user_v1/user.pb.go:908.3,908.89 1 0
github.com/Paul1k96/microservices_course_auth/pkg/proto/gen/user_v1/user.pb.go:908.89,909.39 1 0
github.com/Paul1k96/microservices_course_auth/pkg/proto/gen/user_v1/user.pb.go:910.11,911.20 1 0
github.com/Paul1k96/microservices_course_auth/pkg/proto/gen/user_v1/user.pb.go:912.11,913.24 1 0
github.com/Paul1k96/microservices_course_auth/pkg/proto/gen/user_v1/user.pb.go:914.11,915.28 1 0
github.com/Paul1k96/microservices_course_auth/pkg/proto/gen/user_v1/user.pb.go:916.12,917.15 1 0
github.com/Paul1k96/microservices_course_auth/pkg/proto/gen/user_v1/user.pb.go:921.2,939.39 6 0
github.com/Paul1k96/microservices_course_auth/pkg/proto/gen/user_v1/user_grpc.pb.go:36.60,38.2 1 0
github.com/Paul1k96/microservices_course_auth/pkg/proto/gen/user_v1/user_grpc.pb.go:40.119,43.16 3 0
github.com/Paul1k96/microservices_course_auth/pkg/proto/gen/user_v1/user_grpc.pb.go:43.16,45.3 1 0
github.com/Paul1k96/microservices_course_auth/pkg/proto/gen/user_v1/user_grpc.pb.go:46.2,46.17 1 0
github.com/Paul1k96/microservices_course_auth/pkg/proto/gen/user_v1/user_grpc.pb.go:49.110,52.16 3 0
github.com/Paul1k96/microservices_course_auth/pkg/proto/gen/user_v1/user_grpc.pb.go:52.16,54.3 1 0
github.com/Paul1k96/microservices_course_auth/pkg/proto/gen/user_v1/user_grpc.pb.go:55.2,55.17 1 0
github.com/Paul1k96/microservices_course_auth/pkg/proto/gen/user_v1/user_grpc.pb.go:58.119,61.16 3 0
github.com/Paul1k96/microservices_course_auth/pkg/proto/gen/user_v1/user_grpc.pb.go:61.16,63.3 1 0
github.com/Paul1k96/microservices_course_auth/pkg/proto/gen/user_v1/user_grpc.pb.go:64.2,64.17 1 0
github.com/Paul1k96/microservices_course_auth/pkg/proto/gen/user_v1/user_grpc.pb.go:67.119,70.16 3 0
github.com/Paul1k96/microservices_course_auth/pkg/proto/gen/user_v1/user_grpc.pb.go:70.16,72.3 1 0
github.com/Paul1k96/microservices_course_auth/pkg/proto/gen/user_v1/user_grpc.pb.go:73.2,73.17 1 0
github.com/Paul1k96/microservices_course_auth/pkg/proto/gen/user_v1/user_grpc.pb.go:76.119,79.16 3 0
github.com/Paul1k96/microservices_course_auth/pkg/proto/gen/user_v1/user_grpc.pb.go:79.16,81.3 1 0
github.com/Paul1k96/microservices_course_auth/pkg/proto/gen/user_v1/user_grpc.pb.go:82.2,82.17 1 0
github.com/Paul1k96/microservices_course_auth/pkg/proto/gen/user_v1/user_grpc.pb.go:101.97,103.2 1 0
github.com/Paul1k96/microservices_course_auth/pkg/proto/gen/user_v1/user_grpc.pb.go:104.88,106.2 1 0
github.com/Paul1k96/microservices_course_auth/pkg/proto/gen/user_v1/user_grpc.pb.go:107.97,109.2 1 0
github.com/Paul1k96/microservices_course_auth/pkg/proto/gen/user_v1/user_grpc.pb.go:110.97,112.2 1 0
github.com/Paul1k96/microservices_course_auth/pkg/proto/gen/user_v1/user_grpc.pb.go:113.97,115.2 1 0
github.com/Paul1k96/microservices_course_auth/pkg/proto/gen/user_v1/user_grpc.pb.go:116.68,116.69 0 0
github.com/Paul1k96/microservices_course_auth/pkg/proto/gen/user_v1/user_grpc.pb.go:125.66,127.2 1 0
github.com/Paul1k96/microservices_course_auth/pkg/proto/gen/user_v1/user_grpc.pb.go:129.156,131.32 2 0
github.com/Paul1k96/microservices_course_auth/pkg/proto/gen/user_v1/user_grpc.pb.go:131.32,133.3 1 0
github.com/Paul1k96/microservices_course_auth/pkg/proto/gen/user_v1/user_grpc.pb.go:134.2,134.24 1 0
github.com/Paul1k96/microservices_course_auth/pkg/proto/gen/user_v1/user_grpc.pb.go:134.24,136.3 1 0
github.com/Paul1k96/microservices_course_auth/pkg/proto/gen/user_v1/user_grpc.pb.go:137.2,141.77 2 0
github.com/Paul1k96/microservices_course_auth/pkg/proto/gen/user_v1/user_grpc.pb.go:141.77,143.3 1 0
github.com/Paul1k96/microservices_course_auth/pkg/proto/gen/user_v1/user_grpc.pb.go:144.2,144.44 1 0
github.com/Paul1k96/microservices_course_auth/pkg/proto/gen/user_v1/user_grpc.pb.go:147.153,149.32 2 0
github.com/Paul1k96/microservices_course_auth/pkg/proto/gen/user_v1/user_grpc.pb.go:149.32,151.3 1 0
github.com/Paul1k96/microservices_course_auth/pkg/proto/gen/user_v1/user_grpc.pb.go:152.2,152.24 1 0
github.com/Paul1k96/microservices_course_auth/pkg/proto/gen/user_v1/user_grpc.pb.go:152.24,154.3 1 0
github.com/Paul1k96/microservices_course_auth/pkg/proto/gen/user_v1/user_grpc.pb.go:155.2,159.77 2 0
github.com/Paul1k96/microservices_course_auth/pkg/proto/gen/user_v1/user_grpc.pb.go:159.77,161.3 1 0
github.com/Paul1k96/microservices_course_auth/pkg/proto/gen/user_v1/user_grpc.pb.go:162.2,162.44 1 0
github.com/Paul1k96/microservices_course_auth/pkg/proto/gen/user_v1/user_grpc.pb.go:165.154,167.32 2 0
github.com/Paul1k96/microservices_course_auth/pkg/proto/gen/user_v1/user_grpc.pb.go:167.32,169.3 1 0
github.com/Paul1k96/microservices_course_auth/pkg/proto/gen/user_v1/user_grpc.pb.go:170.2,170.24 1 0
github.com/Paul1k96/microservices_course_auth/pkg/proto/gen/user_v1/user_grpc.pb.go:170.24,172.3 1 0
github.com/Paul1k96/microservices_course_auth/pkg/proto/gen/user_v1/user_grpc.pb.go:173.2,177.77 2 0
github.com/Paul1k96/microservices_course_auth/pkg/proto/gen/user_v1/user_grpc.pb.go:177.77,179.3 1 0
github.com/Paul1k96/microservices_course_auth/pkg/proto/gen/user_v1/user_grpc.pb.go:180.2,180.44 1 0
github.com/Paul1k96/microservices_course_auth/pkg/proto/gen/user_v1/user_grpc.pb.go:183.156,185.32 2 0
github.com/Paul1k96/microservices_course_auth/pkg/proto/gen/user_v1/user_grpc.pb.go:185.32,187.3 1 0
github.com/Paul1k96/microservices_course_auth/pkg/proto/gen/user_v1/user_grpc.pb.go:188.2,188.24 1 0
github.com/Paul1k96/microservices_course_auth/pkg/proto/gen/user_v1/user_grpc.pb.go:188.24,190.3 1 0
github.com/Paul1k96/microservices_course_auth/pkg/proto/gen/user_v1/user_grpc.pb.go:191.2,195.77 2 0
github.com/Paul1k96/microservices_course_auth/pkg/proto/gen/user_v1/user_grpc.pb.go:195.77,197.3 1 0
github.com/Paul1k96/microservices_course_auth/pkg/proto/gen/user_v1/user_grpc.pb.go:198.2,198.44 1 0
github.com/Paul1k96/microservices_course_auth/pkg/proto/gen/user_v1/user_grpc.pb.go:201.156,203.32 2 0
github.com/Paul1k96/microservices_course_auth/pkg/proto/gen/user_v1/user_grpc.pb.go:203.32,205.3 1 0
github.com/Paul1k96/microservices_course_auth/pkg/proto/gen/user_v1/user_grpc.pb.go:206.2,206.24 1 0
github.com/Paul1k96/microservices_course_auth/pkg/proto/gen/user_v1/user_grpc.pb.go:206.24,208.3 1 0
github.com/Paul1k96/microservices_course_auth/pkg/proto/gen/user_v1/user_grpc.pb.go:209.2,213.77 2 0
github.com/Paul1k96/microservices_course_auth/pkg/proto/gen/user_v1/user_grpc.pb.go:213.77,215.3 1 0
github.com/Paul1k96/microservices_course_auth/pkg/proto/gen/user_v1/user_grpc.pb.go:216.2,216.44 1 0
github.com/Paul1k96/microservices_course_auth/internal/errs/errors.go:24.53,29.2 1 1
github.com/Paul1k96/microservices_course_auth/internal/errs/errors.go:32.32,34.2 1 1
github.com/Paul1k96/microservices_course_auth/internal/model/role_string.go:16.31,17.43 1 1
github.com/Paul1k96/microservices_course_auth/internal/model/role_string.go:17.43,19.3 1 0
github.com/Paul1k96/microservices_course_auth/internal/model/role_string.go:20.2,20.49 1 1
github.com/Paul1k96/microservices_course_auth/internal/model/role_string.go:25.18,30.2 4 0
github.com/Paul1k96/microservices_course_auth/internal/model/role_string.go:51.41,52.43 1 0
github.com/Paul1k96/microservices_course_auth/internal/model/role_string.go:52.43,54.3 1 0
github.com/Paul1k96/microservices_course_auth/internal/model/role_string.go:56.2,56.60 1 0
github.com/Paul1k96/microservices_course_auth/internal/model/role_string.go:56.60,58.3 1 0
github.com/Paul1k96/microservices_course_auth/internal/model/role_string.go:59.2,59.62 1 0
github.com/Paul1k96/microservices_course_auth/internal/model/role_string.go:63.26,65.2 1 0
github.com/Paul1k96/microservices_course_auth/internal/model/role_string.go:68.29,72.2 3 0
github.com/Paul1k96/microservices_course_auth/internal/model/role_string.go:75.30,76.32 1 1
github.com/Paul1k96/microservices_course_auth/internal/model/role_string.go:76.32,77.13 1 1
github.com/Paul1k96/microservices_course_auth/internal/model/role_string.go:77.13,79.4 1 1
github.com/Paul1k96/microservices_course_auth/internal/model/role_string.go:81.2,81.14 1 1
github.com/Paul1k96/microservices_course_auth/internal/repository/mocks/repository.go:33.75,37.2 3 1
github.com/Paul1k96/microservices_course_auth/internal/repository/mocks/repository.go:40.73,42.2 1 1
github.com/Paul1k96/microservices_course_auth/internal/repository/mocks/repository.go:45.92,51.2 5 1
github.com/Paul1k96/microservices_course_auth/internal/repository/mocks/repository.go:54.79,57.2 2 1
github.com/Paul1k96/microservices_course_auth/internal/repository/mocks/repository.go:60.75,65.2 4 1
github.com/Paul1k96/microservices_course_auth/internal/repository/mocks/repository.go:68.77,71.2 2 1
github.com/Paul1k96/microservices_course_auth/internal/repository/mocks/repository.go:74.91,80.2 5 1
github.com/Paul1k96/microservices_course_auth/internal/repository/mocks/repository.go:83.78,86.2 2 1
github.com/Paul1k96/microservices_course_auth/internal/repository/mocks/repository.go:89.97,95.2 5 1
github.com/Paul1k96/microservices_course_auth/internal/repository/mocks/repository.go:98.80,101.2 2 1
github.com/Paul1k96/microservices_course_auth/internal/repository/mocks/repository.go:104.83,109.2 4 1
github.com/Paul1k96/microservices_course_auth/internal/repository/mocks/repository.go:112.79,115.2 2 1
github.com/Paul1k96/microservices_course_auth/internal/repository/mocks/repository.go:130.65,134.2 3 1
github.com/Paul1k96/microservices_course_auth/internal/repository/mocks/repository.go:137.63,139.2 1 1
github.com/Paul1k96/microservices_course_auth/internal/repository/mocks/repository.go:142.70,147.2 4 1
github.com/Paul1k96/microservices_course_auth/internal/repository/mocks/repository.go:150.72,153.2 2 1
github.com/Paul1k96/microservices_course_auth/internal/repository/mocks/repository.go:156.82,162.2 5 1
github.com/Paul1k96/microservices_course_auth/internal/repository/mocks/repository.go:165.69,168.2 2 1
github.com/Paul1k96/microservices_course_auth/internal/repository/mocks/repository.go:171.75,176.2 4 1
github.com/Paul1k96/microservices_course_auth/internal/repository/mocks/repository.go:179.71,182.2 2 1
github.com/Paul1k96/microservices_course_auth/internal/service/user/create.go:12.80,13.45 1 1
github.com/Paul1k96/microservices_course_auth/internal/service/user/create.go:13.45,15.3 1 1
github.com/Paul1k96/microservices_course_auth/internal/service/user/create.go:17.2,18.16 2 1
github.com/Paul1k96/microservices_course_auth/internal/service/user/create.go:18.16,20.3 1 1
github.com/Paul1k96/microservices_course_auth/internal/service/user/create.go:22.2,25.16 3 1
github.com/Paul1k96/microservices_course_auth/internal/service/user/create.go:28.56,30.16 2 1
github.com/Paul1k96/microservices_course_auth/internal/service/user/create.go:30.16,32.3 1 1
github.com/Paul1k96/microservices_course_auth/internal/service/user/create.go:34.2,35.16 2 1
github.com/Paul1k96/microservices_course_auth/internal/service/user/create.go:35.16,37.3 1 1
github.com/Paul1k96/microservices_course_auth/internal/service/user/create.go:39.2,40.16 2 1
github.com/Paul1k96/microservices_course_auth/internal/service/user/create.go:40.16,42.3 1 1
github.com/Paul1k96/microservices_course_auth/internal/service/user/create.go:44.2,44.12 1 1
github.com/Paul1k96/microservices_course_auth/internal/service/user/create.go:47.55,49.16 2 1
github.com/Paul1k96/microservices_course_auth/internal/service/user/create.go:49.16,51.3 1 1
github.com/Paul1k96/microservices_course_auth/internal/service/user/create.go:53.2,54.16 2 1
github.com/Paul1k96/microservices_course_auth/internal/service/user/create.go:54.16,56.3 1 1
github.com/Paul1k96/microservices_course_auth/internal/service/user/create.go:58.2,58.12 1 1
github.com/Paul1k96/microservices_course_auth/internal/service/user/create.go:61.58,62.20 1 1
github.com/Paul1k96/microservices_course_auth/internal/service/user/create.go:62.20,64.3 1 1
github.com/Paul1k96/microservices_course_auth/internal/service/user/create.go:66.2,66.19 1 1
github.com/Paul1k96/microservices_course_auth/internal/service/user/create.go:66.19,68.3 1 1
github.com/Paul1k96/microservices_course_auth/internal/service/user/create.go:70.2,70.21 1 1
github.com/Paul1k96/microservices_course_auth/internal/service/user/create.go:70.21,72.3 1 1
github.com/Paul1k96/microservices_course_auth/internal/service/user/create.go:74.2,74.12 1 1
github.com/Paul1k96/microservices_course_auth/internal/service/user/create.go:77.61,82.28 2 1
github.com/Paul1k96/microservices_course_auth/internal/service/user/create.go:82.28,83.41 1 1
github.com/Paul1k96/microservices_course_auth/internal/service/user/create.go:83.41,85.4 1 1
github.com/Paul1k96/microservices_course_auth/internal/service/user/create.go:88.2,88.12 1 1
github.com/Paul1k96/microservices_course_auth/internal/service/user/create.go:91.57,93.16 2 1
github.com/Paul1k96/microservices_course_auth/internal/service/user/create.go:93.16,95.3 1 1
github.com/Paul1k96/microservices_course_auth/internal/service/user/create.go:97.2,98.16 2 1
github.com/Paul1k96/microservices_course_auth/internal/service/user/create.go:98.16,100.3 1 1
github.com/Paul1k96/microservices_course_auth/internal/service/user/create.go:102.2,102.12 1 1
github.com/Paul1k96/microservices_course_auth/internal/service/user/create.go:105.60,106.21 1 1
github.com/Paul1k96/microservices_course_auth/internal/service/user/create.go:106.21,108.3 1 1
github.com/Paul1k96/microservices_course_auth/internal/service/user/create.go:110.2,110.20 1 1
github.com/Paul1k96/microservices_course_auth/internal/service/user/create.go:110.20,112.3 1 1
github.com/Paul1k96/microservices_course_auth/internal/service/user/create.go:114.2,114.22 1 1
github.com/Paul1k96/microservices_course_auth/internal/service/user/create.go:114.22,116.3 1 1
github.com/Paul1k96/microservices_course_auth/internal/service/user/create.go:118.2,118.12 1 1
github.com/Paul1k96/microservices_course_auth/internal/service/user/create.go:121.60,123.16 2 1
github.com/Paul1k96/microservices_course_auth/internal/service/user/create.go:123.16,125.3 1 1
github.com/Paul1k96/microservices_course_auth/internal/service/user/create.go:127.2,127.12 1 1
github.com/Paul1k96/microservices_course_auth/internal/service/user/create.go:130.59,131.20 1 1
github.com/Paul1k96/microservices_course_auth/internal/service/user/create.go:131.20,133.3 1 1
github.com/Paul1k96/microservices_course_auth/internal/service/user/create.go:135.2,135.40 1 1
github.com/Paul1k96/microservices_course_auth/internal/service/user/delete.go:9.63,11.16 2 1
github.com/Paul1k96/microservices_course_auth/internal/service/user/delete.go:11.16,13.3 1 1
github.com/Paul1k96/microservices_course_auth/internal/service/user/delete.go:15.2,17.12 2 1
github.com/Paul1k96/microservices_course_auth/internal/service/user/get_by_id.go:13.79,20.57 3 1
github.com/Paul1k96/microservices_course_auth/internal/service/user/get_by_id.go:20.57,22.3 1 1
github.com/Paul1k96/microservices_course_auth/internal/service/user/get_by_id.go:24.2,24.17 1 1
github.com/Paul1k96/microservices_course_auth/internal/service/user/get_by_id.go:24.17,26.3 1 1
github.com/Paul1k96/microservices_course_auth/internal/service/user/get_by_id.go:28.2,29.16 2 1
github.com/Paul1k96/microservices_course_auth/internal/service/user/get_by_id.go:29.16,31.3 1 1
github.com/Paul1k96/microservices_course_auth/internal/service/user/get_by_id.go:33.2,33.17 1 1
github.com/Paul1k96/microservices_course_auth/internal/service/user/get_by_id.go:33.17,35.3 1 1
github.com/Paul1k96/microservices_course_auth/internal/service/user/get_by_id.go:37.2,39.18 2 1
github.com/Paul1k96/microservices_course_auth/internal/service/user/get_list_by_ids.go:16.89,25.25 6 1
github.com/Paul1k96/microservices_course_auth/internal/service/user/get_list_by_ids.go:25.25,27.28 2 1
github.com/Paul1k96/microservices_course_auth/internal/service/user/get_list_by_ids.go:27.28,29.18 2 1
github.com/Paul1k96/microservices_course_auth/internal/service/user/get_list_by_ids.go:29.18,32.5 2 1
github.com/Paul1k96/microservices_course_auth/internal/service/user/get_list_by_ids.go:34.4,36.14 2 1
github.com/Paul1k96/microservices_course_auth/internal/service/user/get_list_by_ids.go:40.2,45.30 5 1
github.com/Paul1k96/microservices_course_auth/internal/service/user/get_list_by_ids.go:45.30,47.3 1 1
github.com/Paul1k96/microservices_course_auth/internal/service/user/get_list_by_ids.go:49.2,49.31 1 1
github.com/Paul1k96/microservices_course_auth/internal/service/user/get_list_by_ids.go:49.31,51.3 1 1
github.com/Paul1k96/microservices_course_auth/internal/service/user/get_list_by_ids.go:53.2,53.25 1 1
github.com/Paul1k96/microservices_course_auth/internal/service/user/get_list_by_ids.go:53.25,55.17 2 1
github.com/Paul1k96/microservices_course_auth/internal/service/user/get_list_by_ids.go:55.17,57.4 1 0
github.com/Paul1k96/microservices_course_auth/internal/service/user/get_list_by_ids.go:59.3,59.30 1 1
github.com/Paul1k96/microservices_course_auth/internal/service/user/get_list_by_ids.go:59.30,61.29 2 1
github.com/Paul1k96/microservices_course_auth/internal/service/user/get_list_by_ids.go:61.29,64.5 2 1
github.com/Paul1k96/microservices_course_auth/internal/service/user/get_list_by_ids.go:67.3,69.36 2 1
github.com/Paul1k96/microservices_course_auth/internal/service/user/get_list_by_ids.go:72.2,72.20 1 1
github.com/Paul1k96/microservices_course_auth/internal/service/user/service.go:20.19,26.2 1 1
github.com/Paul1k96/microservices_course_auth/internal/service/user/update.go:12.71,13.77 1 1
github.com/Paul1k96/microservices_course_auth/internal/service/user/update.go:13.77,14.52 1 1
github.com/Paul1k96/microservices_course_auth/internal/service/user/update.go:14.52,16.4 1 1
github.com/Paul1k96/microservices_course_auth/internal/service/user/update.go:18.3,20.50 3 1
github.com/Paul1k96/microservices_course_auth/internal/service/user/update.go:20.50,22.4 1 1
github.com/Paul1k96/microservices_course_auth/internal/service/user/update.go:24.3,24.13 1 1
github.com/Paul1k96/microservices_course_auth/internal/service/user/update.go:25.19,27.3 1 1
github.com/Paul1k96/microservices_course_auth/internal/service/user/update.go:29.2,31.12 2 1
github.com/Paul1k96/microservices_course_auth/internal/service/user/update.go:34.62,35.21 1 1
github.com/Paul1k96/microservices_course_auth/internal/service/user/update.go:35.21,36.55 1 1
github.com/Paul1k96/microservices_course_auth/internal/service/user/update.go:36.55,38.4 1 1
github.com/Paul1k96/microservices_course_auth/internal/service/user/update.go:41.2,41.22 1 1
github.com/Paul1k96/microservices_course_auth/internal/service/user/update.go:41.22,42.57 1 1
github.com/Paul1k96/microservices_course_auth/internal/service/user/update.go:42.57,44.4 1 1
github.com/Paul1k96/microservices_course_auth/internal/service/user/update.go:47.2,48.16 2 1
github.com/Paul1k96/microservices_course_auth/internal/service/user/update.go:48.16,50.3 1 1
github.com/Paul1k96/microservices_course_auth/internal/service/user/update.go:52.2,52.12 1 1
github.com/Paul1k96/microservices_course_auth/internal/testmodel/user.go:11.28,25.2 4 1
github.com/Paul1k96/microservices_course_auth/internal/testmodel/user.go:28.43,30.32 2 1
github.com/Paul1k96/microservices_course_auth/internal/testmodel/user.go:30.32,32.3 1 1
github.com/Paul1k96/microservices_course_auth/internal/testmodel/user.go:34.2,34.12 1 1
